root - INFO - **********
root - INFO - **********
root - INFO - **********
root - INFO - **********
root - INFO - **********
root - INFO - Loading model files from folder: checkpoints/best_model/best_model.pth
root - INFO - 

root - INFO - STATISTICS: 

root - INFO - Evaluation: {'macroPrec': 0.8431563015968842, 'microPrec': 0.9509091002396556, 'weightPrec': 0.952330293982081, 'macroRec': 0.8302222381895935, 'microRec': 0.9509091002396556, 'weightRec': 0.9509091002396556, 'macroF1': 0.8314879474926449, 'microF1': 0.9509091002396556, 'weightF1': 0.9512220228686884, 'subsetAcc': 0.9509091002396556, 'IoU': 0.7331231800946775}
root - INFO - Confusion Matrix:  
              MD   DenS    SpS  NatM    Ship   Clouds   MWater  SLWater   Foam   TWater  SWater        Sum Recall
MD         302.0    0.0    0.0   5.0     1.0      0.0     73.0      0.0    0.0      0.0     0.0      381.0   0.79
DenS         0.0  638.0  117.0   5.0     0.0      0.0      0.0      0.0    0.0      0.0     0.0      760.0   0.84
SpS          1.0   13.0  828.0   2.0     0.0      0.0     37.0      0.0    0.0      0.0     0.0      881.0   0.94
NatM        20.0    0.0    0.0  21.0     0.0      0.0      8.0      0.0    0.0      0.0     0.0       49.0   0.43
Ship        52.0    0.0    0.0   0.0  1051.0      1.0     57.0      6.0    0.0      7.0     0.0     1174.0    0.9
Clouds      28.0    0.0    0.0   0.0     6.0  29882.0   2897.0      0.0    0.0     11.0    19.0    32843.0   0.91
MWater      65.0    0.0    1.0   0.0   397.0   1087.0  27407.0      0.0    0.0   1653.0     9.0    30619.0    0.9
SLWater      0.0    0.0    0.0   0.0     0.0      2.0     79.0  92956.0    0.0      0.0     0.0    93037.0    1.0
Foam         2.0    0.0    0.0   0.0    58.0      6.0      0.0      2.0  318.0      1.0     0.0      387.0   0.82
TWater       0.0    0.0    0.0   0.0     0.0      3.0   1409.0     68.0    0.0  30206.0   540.0    32226.0   0.94
SWater      11.0    0.0    0.0   1.0     6.0     47.0    371.0      0.0    4.0    378.0  1688.0     2506.0   0.67
Sum        481.0  651.0  946.0  34.0  1519.0  31028.0  32338.0  93032.0  322.0  32256.0  2256.0       mPA:   0.83
IoU         0.54   0.83   0.83  0.34    0.64     0.88     0.77      1.0   0.81     0.88    0.55      mIoU:   0.73
Precision   0.63   0.98   0.88  0.62    0.69     0.96     0.85      1.0   0.99     0.94    0.75        OA:   0.95
F1-score     0.7    0.9   0.91  0.51    0.78     0.94     0.87      1.0    0.9     0.94    0.71  F1-macro:   0.83
root - INFO - **********
root - INFO - Loading model files from folder: checkpoints/best_model/best_model.pth
root - INFO - 

root - INFO - STATISTICS: 

root - INFO - Evaluation: {'macroPrec': 0.8431563015968842, 'microPrec': 0.9509091002396556, 'weightPrec': 0.952330293982081, 'macroRec': 0.8302222381895935, 'microRec': 0.9509091002396556, 'weightRec': 0.9509091002396556, 'macroF1': 0.8314879474926449, 'microF1': 0.9509091002396556, 'weightF1': 0.9512220228686884, 'subsetAcc': 0.9509091002396556, 'IoU': 0.7331231800946775}
root - INFO - Confusion Matrix:  
              MD   DenS    SpS  NatM    Ship   Clouds   MWater  SLWater   Foam   TWater  SWater        Sum Recall
MD         302.0    0.0    0.0   5.0     1.0      0.0     73.0      0.0    0.0      0.0     0.0      381.0   0.79
DenS         0.0  638.0  117.0   5.0     0.0      0.0      0.0      0.0    0.0      0.0     0.0      760.0   0.84
SpS          1.0   13.0  828.0   2.0     0.0      0.0     37.0      0.0    0.0      0.0     0.0      881.0   0.94
NatM        20.0    0.0    0.0  21.0     0.0      0.0      8.0      0.0    0.0      0.0     0.0       49.0   0.43
Ship        52.0    0.0    0.0   0.0  1051.0      1.0     57.0      6.0    0.0      7.0     0.0     1174.0    0.9
Clouds      28.0    0.0    0.0   0.0     6.0  29882.0   2897.0      0.0    0.0     11.0    19.0    32843.0   0.91
MWater      65.0    0.0    1.0   0.0   397.0   1087.0  27407.0      0.0    0.0   1653.0     9.0    30619.0    0.9
SLWater      0.0    0.0    0.0   0.0     0.0      2.0     79.0  92956.0    0.0      0.0     0.0    93037.0    1.0
Foam         2.0    0.0    0.0   0.0    58.0      6.0      0.0      2.0  318.0      1.0     0.0      387.0   0.82
TWater       0.0    0.0    0.0   0.0     0.0      3.0   1409.0     68.0    0.0  30206.0   540.0    32226.0   0.94
SWater      11.0    0.0    0.0   1.0     6.0     47.0    371.0      0.0    4.0    378.0  1688.0     2506.0   0.67
Sum        481.0  651.0  946.0  34.0  1519.0  31028.0  32338.0  93032.0  322.0  32256.0  2256.0       mPA:   0.83
IoU         0.54   0.83   0.83  0.34    0.64     0.88     0.77      1.0   0.81     0.88    0.55      mIoU:   0.73
Precision   0.63   0.98   0.88  0.62    0.69     0.96     0.85      1.0   0.99     0.94    0.75        OA:   0.95
F1-score     0.7    0.9   0.91  0.51    0.78     0.94     0.87      1.0    0.9     0.94    0.71  F1-macro:   0.83
